[debug] [2019-12-11T19:50:08.528Z] ----------------------------------------------------------------------
[debug] [2019-12-11T19:50:08.530Z] Command:       C:\Program Files\nodejs\node.exe C:\Users\walanpat\AppData\Roaming\npm\node_modules\firebase-tools\lib\bin\firebase.js emulators:start
[debug] [2019-12-11T19:50:08.531Z] CLI Version:   7.9.0
[debug] [2019-12-11T19:50:08.531Z] Platform:      win32
[debug] [2019-12-11T19:50:08.531Z] Node Version:  v10.16.3
[debug] [2019-12-11T19:50:08.532Z] Time:          Wed Dec 11 2019 14:50:08 GMT-0500 (Eastern Standard Time)
[debug] [2019-12-11T19:50:08.532Z] ----------------------------------------------------------------------
[debug] [2019-12-11T19:50:08.532Z] 
[debug] [2019-12-11T19:50:08.543Z] > command requires scopes: ["email","openid","https://www.googleapis.com/auth/cloudplatformprojects.readonly","https://www.googleapis.com/auth/firebase","https://www.googleapis.com/auth/cloud-platform"]
[debug] [2019-12-11T19:50:08.544Z] > authorizing via signed-in user
[info] i  emulators: Starting emulators: functions, firestore, database, hosting
[warn] !  Your requested "node" version "8" doesn't match your global version "10"
[info] +  functions: Emulator started at http://localhost:5002
[info] i  firestore: Serving ALL traffic (including WebChannel) on http://localhost:8080
[warn] !  firestore: Support for WebChannel on a separate port (8081) is DEPRECATED and will go away soon. Please use port above instead.
[debug] [2019-12-11T19:50:11.143Z] Ignoring unsupported arg: projectId
[debug] [2019-12-11T19:50:11.143Z] Ignoring unsupported arg: auto_download
[debug] [2019-12-11T19:50:11.143Z] Starting emulator firestore with command {"binary":"java","args":["-Duser.language=en","-jar","C:\\Users\\walanpat\\.cache\\firebase\\emulators\\cloud-firestore-emulator-v1.10.2.jar","--host","localhost","--port",8080,"--rules","C:\\Users\\walanpat\\Documents\\GitHub\\Comp426Final\\firestore.rules","--functions_emulator","localhost:5002","--webchannel_port",8081],"optionalArgs":["port","webchannel_port","host","rules","functions_emulator"],"joinArgs":false}
[info] i  firestore: Emulator logging to firestore-debug.log
[debug] [2019-12-11T19:50:12.670Z] API endpoint: http://localhost:8080

[debug] [2019-12-11T19:50:12.670Z] If you are using a library that supports the FIRESTORE_EMULATOR_HOST environment variable, run:

   export FIRESTORE_EMULATOR_HOST=localhost:8080

Dev App Server is now running.


[info] +  firestore: Emulator started at http://localhost:8080
[info] i  firestore: For testing set FIRESTORE_EMULATOR_HOST=localhost:8080
[debug] [2019-12-11T19:50:13.926Z] Ignoring unsupported arg: projectId
[debug] [2019-12-11T19:50:13.927Z] Ignoring unsupported arg: auto_download
[debug] [2019-12-11T19:50:13.927Z] Ignoring unsupported arg: rules
[debug] [2019-12-11T19:50:13.927Z] Starting emulator database with command {"binary":"java","args":["-Duser.language=en","-jar","C:\\Users\\walanpat\\.cache\\firebase\\emulators\\firebase-database-emulator-v4.2.0.jar","--host","localhost","--port",9000,"--functions_emulator_host","localhost","--functions_emulator_port",5002],"optionalArgs":["port","host","functions_emulator_port","functions_emulator_host"],"joinArgs":false}
[info] i  database: Emulator logging to database-debug.log
[debug] [2019-12-11T19:50:15.797Z] 14:50:15.794 [NamespaceSystem-akka.actor.default-dispatcher-3] INFO akka.event.slf4j.Slf4jLogger - Slf4jLogger started

[debug] [2019-12-11T19:50:15.986Z] 14:50:15.986 [main] INFO com.firebase.server.forge.App$ - Listening at localhost:9000

[info] +  database: Emulator started at http://localhost:9000
[info] i  database: For testing set FIREBASE_DATABASE_EMULATOR_HOST=localhost:9000
[debug] [2019-12-11T19:50:17.213Z] > refreshing access token with scopes: ["email","https://www.googleapis.com/auth/cloud-platform","https://www.googleapis.com/auth/cloudplatformprojects.readonly","https://www.googleapis.com/auth/firebase","openid"]
[debug] [2019-12-11T19:50:17.214Z] >>> HTTP REQUEST POST https://www.googleapis.com/oauth2/v3/token  
 <request body omitted>
[debug] [2019-12-11T19:50:17.320Z] <<< HTTP RESPONSE 200
[debug] [2019-12-11T19:50:17.334Z] >>> HTTP REQUEST GET https://firebase.googleapis.com/v1beta1/projects/final-f637a/webApps/-/config  
 
[debug] [2019-12-11T19:50:17.783Z] <<< HTTP RESPONSE 200
[info] i  hosting: Serving hosting files from: public
[info] +  hosting: Local server: http://localhost:5001
[info] +  hosting: Emulator started at http://localhost:5001
[info] i  functions: Watching "C:\Users\walanpat\Documents\GitHub\Comp426Final\functions" for Cloud Functions...
[debug] [2019-12-11T19:50:18.330Z] [worker-~diagnostic~-97981549-1c50-4990-8874-473052ae75dd]: Assigning socketPath: \\?\pipe\C:\Users\walanpat\Documents\GitHub\Comp426Final\functions\10880
[debug] [2019-12-11T19:50:18.331Z] [worker-~diagnostic~-97981549-1c50-4990-8874-473052ae75dd]: BUSY
[debug] [2019-12-11T19:50:18.881Z] [runtime-status] [10880] Functions runtime initialized. {"cwd":"C:\\Users\\walanpat\\Documents\\GitHub\\Comp426Final\\functions","node_version":"10.16.3"}
[debug] [2019-12-11T19:50:18.883Z] [runtime-status] [10880] Disabled runtime features: undefined
[debug] [2019-12-11T19:50:18.889Z] [runtime-status] [10880] Resolved module firebase-admin {"declared":true,"installed":true,"version":"8.8.0","resolution":"C:\\Users\\walanpat\\Documents\\GitHub\\Comp426Final\\functions\\node_modules\\firebase-admin\\lib\\index.js"}
[debug] [2019-12-11T19:50:18.892Z] [runtime-status] [10880] Resolved module firebase-functions {"declared":true,"installed":true,"version":"3.3.0","resolution":"C:\\Users\\walanpat\\Documents\\GitHub\\Comp426Final\\functions\\node_modules\\firebase-functions\\lib\\index.js"}
[debug] [2019-12-11T19:50:19.308Z] [runtime-status] [10880] Found google-gax at C:\Users\walanpat\Documents\GitHub\Comp426Final\functions\node_modules\google-gax\build\src\index.js
[debug] [2019-12-11T19:50:19.308Z] [runtime-status] [10880] Outgoing network have been stubbed. [{"name":"http","status":"mocked"},{"name":"http","status":"mocked"},{"name":"https","status":"mocked"},{"name":"https","status":"mocked"},{"name":"net","status":"mocked"},{"name":"google-gax","status":"mocked"}]
[debug] [2019-12-11T19:50:19.374Z] [runtime-status] [10880] Checked functions.config() {"config":{}}
[debug] [2019-12-11T19:50:19.375Z] [runtime-status] [10880] Resolved module firebase-functions {"declared":true,"installed":true,"version":"3.3.0","resolution":"C:\\Users\\walanpat\\Documents\\GitHub\\Comp426Final\\functions\\node_modules\\firebase-functions\\lib\\index.js"}
[debug] [2019-12-11T19:50:19.377Z] [runtime-status] [10880] Resolved module firebase-admin {"declared":true,"installed":true,"version":"8.8.0","resolution":"C:\\Users\\walanpat\\Documents\\GitHub\\Comp426Final\\functions\\node_modules\\firebase-admin\\lib\\index.js"}
[debug] [2019-12-11T19:50:19.378Z] [runtime-status] [10880] Resolved module firebase-functions {"declared":true,"installed":true,"version":"3.3.0","resolution":"C:\\Users\\walanpat\\Documents\\GitHub\\Comp426Final\\functions\\node_modules\\firebase-functions\\lib\\index.js"}
[debug] [2019-12-11T19:50:19.442Z] [runtime-status] [10880] firebase-admin has been stubbed. {"adminResolution":{"declared":true,"installed":true,"version":"8.8.0","resolution":"C:\\Users\\walanpat\\Documents\\GitHub\\Comp426Final\\functions\\node_modules\\firebase-admin\\lib\\index.js"}}
[info] +  All emulators started, it is now safe to connect.
[debug] [2019-12-11T19:50:19.477Z] [worker-~diagnostic~-97981549-1c50-4990-8874-473052ae75dd]: exited
[debug] [2019-12-11T19:50:19.478Z] [worker-~diagnostic~-97981549-1c50-4990-8874-473052ae75dd]: FINISHED
